[ 2015-11-09T03:02:51+08:00 ] 127.0.0.1 /cxxs/index.php/Public/music/singer1.mp3
ERR: 无法加载模块:Public

[ 2015-11-09T03:14:31+08:00 ] 127.0.0.1 /cxxs/index.php/Index/index/id/4.html?a=123333123
INFO: [ app_begin ] --START--
INFO: ReadHtmlCache Behavior ::run [ RunTime:0.002466s ]
INFO: [ app_begin ] --END-- [ RunTime:0.002591s ]
ERR: 非法操作:123333123

[ 2015-11-09T03:14:32+08:00 ] 127.0.0.1 /cxxs/index.php/Index/index/id/4.html?a=123333123
INFO: [ app_begin ] --START--
INFO: ReadHtmlCache Behavior ::run [ RunTime:0.002929s ]
INFO: [ app_begin ] --END-- [ RunTime:0.003040s ]
ERR: 非法操作:123333123

[ 2015-11-09T03:14:32+08:00 ] 127.0.0.1 /cxxs/index.php/Index/index/id/4.html?a=123333123
INFO: [ app_begin ] --START--
INFO: ReadHtmlCache Behavior ::run [ RunTime:0.002182s ]
INFO: [ app_begin ] --END-- [ RunTime:0.002286s ]
ERR: 非法操作:123333123

[ 2015-11-09T03:14:32+08:00 ] 127.0.0.1 /cxxs/index.php/Index/index/id/4.html?a=123333123
INFO: [ app_begin ] --START--
INFO: ReadHtmlCache Behavior ::run [ RunTime:0.002226s ]
INFO: [ app_begin ] --END-- [ RunTime:0.002330s ]
ERR: 非法操作:123333123

[ 2015-11-09T03:14:32+08:00 ] 127.0.0.1 /cxxs/index.php/Index/index/id/4.html?a=123333123
INFO: [ app_begin ] --START--
INFO: ReadHtmlCache Behavior ::run [ RunTime:0.002823s ]
INFO: [ app_begin ] --END-- [ RunTime:0.003006s ]
ERR: 非法操作:123333123

[ 2015-11-09T03:15:00+08:00 ] 127.0.0.1 /cxxs/index.php/Index/index/id/4.html?a=123333123
INFO: [ app_begin ] --START--
INFO: ReadHtmlCache Behavior ::run [ RunTime:0.002608s ]
INFO: [ app_begin ] --END-- [ RunTime:0.002726s ]
ERR: 非法操作:123333123

[ 2015-11-09T03:15:00+08:00 ] 127.0.0.1 /cxxs/index.php/Index/index/id/4.html?a=123333123
INFO: [ app_begin ] --START--
INFO: ReadHtmlCache Behavior ::run [ RunTime:0.002075s ]
INFO: [ app_begin ] --END-- [ RunTime:0.002177s ]
ERR: 非法操作:123333123

[ 2015-11-09T03:15:01+08:00 ] 127.0.0.1 /cxxs/index.php/Index/index/id/4.html?a=123333123
INFO: [ app_begin ] --START--
INFO: ReadHtmlCache Behavior ::run [ RunTime:0.002479s ]
INFO: [ app_begin ] --END-- [ RunTime:0.002584s ]
ERR: 非法操作:123333123

[ 2015-11-09T03:15:15+08:00 ] 127.0.0.1 /cxxs/index.php/Index/index/id/4.html?a=123333123
INFO: [ app_begin ] --START--
INFO: ReadHtmlCache Behavior ::run [ RunTime:0.002179s ]
INFO: [ app_begin ] --END-- [ RunTime:0.002283s ]
ERR: 非法操作:123333123

[ 2015-11-09T03:15:16+08:00 ] 127.0.0.1 /cxxs/index.php/Index/index/id/4.html?a=123333123
INFO: [ app_begin ] --START--
INFO: ReadHtmlCache Behavior ::run [ RunTime:0.002715s ]
INFO: [ app_begin ] --END-- [ RunTime:0.002890s ]
ERR: 非法操作:123333123

[ 2015-11-09T03:15:16+08:00 ] 127.0.0.1 /cxxs/index.php/Index/index/id/4.html?a=123333123
INFO: [ app_begin ] --START--
INFO: ReadHtmlCache Behavior ::run [ RunTime:0.002370s ]
INFO: [ app_begin ] --END-- [ RunTime:0.002480s ]
ERR: 非法操作:123333123

[ 2015-11-09T03:15:16+08:00 ] 127.0.0.1 /cxxs/index.php/Index/index/id/4.html?a=123333123
INFO: [ app_begin ] --START--
INFO: ReadHtmlCache Behavior ::run [ RunTime:0.002535s ]
INFO: [ app_begin ] --END-- [ RunTime:0.002699s ]
ERR: 非法操作:123333123

[ 2015-11-09T03:15:16+08:00 ] 127.0.0.1 /cxxs/index.php/Index/index/id/4.html?a=123333123
INFO: [ app_begin ] --START--
INFO: ReadHtmlCache Behavior ::run [ RunTime:0.002585s ]
INFO: [ app_begin ] --END-- [ RunTime:0.002699s ]
ERR: 非法操作:123333123

[ 2015-11-09T03:18:12+08:00 ] 127.0.0.1 /cxxs/index.php/Index/index
INFO: [ app_begin ] --START--
INFO: ReadHtmlCache Behavior ::run [ RunTime:0.003084s ]
INFO: [ app_begin ] --END-- [ RunTime:0.003230s ]
SQL: SHOW COLUMNS FROM `xk_data` [ RunTime:0.002824s ]
SQL: SELECT * FROM `xk_data`  [ RunTime:0.000299s ]
NOTIC: [8] Use of undefined constant singerpoll - assumed 'singerpoll' G:\upupw_new\htdocs\cxxs\cxxs\Lib\Action\IndexAction.class.php 第 9 行.
NOTIC: [8] Use of undefined constant singerpoll - assumed 'singerpoll' G:\upupw_new\htdocs\cxxs\cxxs\Lib\Action\IndexAction.class.php 第 9 行.
NOTIC: [8] Use of undefined constant singerpoll - assumed 'singerpoll' G:\upupw_new\htdocs\cxxs\cxxs\Lib\Action\IndexAction.class.php 第 9 行.
NOTIC: [8] Use of undefined constant singerpoll - assumed 'singerpoll' G:\upupw_new\htdocs\cxxs\cxxs\Lib\Action\IndexAction.class.php 第 9 行.
NOTIC: [8] Use of undefined constant singerpoll - assumed 'singerpoll' G:\upupw_new\htdocs\cxxs\cxxs\Lib\Action\IndexAction.class.php 第 9 行.
NOTIC: [8] Use of undefined constant singerpoll - assumed 'singerpoll' G:\upupw_new\htdocs\cxxs\cxxs\Lib\Action\IndexAction.class.php 第 9 行.
NOTIC: [8] Use of undefined constant singerpoll - assumed 'singerpoll' G:\upupw_new\htdocs\cxxs\cxxs\Lib\Action\IndexAction.class.php 第 9 行.
NOTIC: [8] Use of undefined constant singerpoll - assumed 'singerpoll' G:\upupw_new\htdocs\cxxs\cxxs\Lib\Action\IndexAction.class.php 第 9 行.
NOTIC: [8] Use of undefined constant singerpoll - assumed 'singerpoll' G:\upupw_new\htdocs\cxxs\cxxs\Lib\Action\IndexAction.class.php 第 9 行.
NOTIC: [8] Use of undefined constant singerpoll - assumed 'singerpoll' G:\upupw_new\htdocs\cxxs\cxxs\Lib\Action\IndexAction.class.php 第 9 行.
NOTIC: [8] Undefined index: id G:\upupw_new\htdocs\cxxs\cxxs\Lib\Action\IndexAction.class.php 第 12 行.
INFO: [ view_parse ] --START--
INFO: ParseTemplate Behavior ::run [ RunTime:0.018397s ]
INFO: [ view_parse ] --END-- [ RunTime:0.018531s ]
INFO: [ view_filter ] --START--
INFO: ContentReplace Behavior ::run [ RunTime:0.002214s ]
INFO: TokenBuild Behavior ::run [ RunTime:0.002253s ]
INFO: WriteHtmlCache Behavior ::run [ RunTime:0.002070s ]
INFO: ShowRuntime Behavior ::run [ RunTime:0.002194s ]
INFO: [ view_filter ] --END-- [ RunTime:0.009021s ]
INFO: [ view_end ] --START--
INFO: ShowPageTrace Behavior ::run [ RunTime:0.002888s ]
INFO: [ view_end ] --END-- [ RunTime:0.003017s ]

[ 2015-11-09T03:18:21+08:00 ] 127.0.0.1 /cxxs/index.php/Index/index/id/4.html?a=123333123
INFO: [ app_begin ] --START--
INFO: ReadHtmlCache Behavior ::run [ RunTime:0.002473s ]
INFO: [ app_begin ] --END-- [ RunTime:0.002596s ]
ERR: 非法操作:123333123

[ 2015-11-09T03:18:21+08:00 ] 127.0.0.1 /cxxs/index.php/Index/index/id/4.html?a=123333123
INFO: [ app_begin ] --START--
INFO: ReadHtmlCache Behavior ::run [ RunTime:0.002176s ]
INFO: [ app_begin ] --END-- [ RunTime:0.002278s ]
ERR: 非法操作:123333123

[ 2015-11-09T03:18:53+08:00 ] 127.0.0.1 /cxxs/index.php/Index/index
INFO: [ app_begin ] --START--
INFO: ReadHtmlCache Behavior ::run [ RunTime:0.002586s ]
INFO: [ app_begin ] --END-- [ RunTime:0.002743s ]
SQL: SHOW COLUMNS FROM `xk_data` [ RunTime:0.002639s ]
SQL: SELECT * FROM `xk_data`  [ RunTime:0.000344s ]
NOTIC: [8] Use of undefined constant singerpoll - assumed 'singerpoll' G:\upupw_new\htdocs\cxxs\cxxs\Lib\Action\IndexAction.class.php 第 9 行.
NOTIC: [8] Use of undefined constant singerpoll - assumed 'singerpoll' G:\upupw_new\htdocs\cxxs\cxxs\Lib\Action\IndexAction.class.php 第 9 行.
NOTIC: [8] Use of undefined constant singerpoll - assumed 'singerpoll' G:\upupw_new\htdocs\cxxs\cxxs\Lib\Action\IndexAction.class.php 第 9 行.
NOTIC: [8] Use of undefined constant singerpoll - assumed 'singerpoll' G:\upupw_new\htdocs\cxxs\cxxs\Lib\Action\IndexAction.class.php 第 9 行.
NOTIC: [8] Use of undefined constant singerpoll - assumed 'singerpoll' G:\upupw_new\htdocs\cxxs\cxxs\Lib\Action\IndexAction.class.php 第 9 行.
NOTIC: [8] Use of undefined constant singerpoll - assumed 'singerpoll' G:\upupw_new\htdocs\cxxs\cxxs\Lib\Action\IndexAction.class.php 第 9 行.
NOTIC: [8] Use of undefined constant singerpoll - assumed 'singerpoll' G:\upupw_new\htdocs\cxxs\cxxs\Lib\Action\IndexAction.class.php 第 9 行.
NOTIC: [8] Use of undefined constant singerpoll - assumed 'singerpoll' G:\upupw_new\htdocs\cxxs\cxxs\Lib\Action\IndexAction.class.php 第 9 行.
NOTIC: [8] Use of undefined constant singerpoll - assumed 'singerpoll' G:\upupw_new\htdocs\cxxs\cxxs\Lib\Action\IndexAction.class.php 第 9 行.
NOTIC: [8] Use of undefined constant singerpoll - assumed 'singerpoll' G:\upupw_new\htdocs\cxxs\cxxs\Lib\Action\IndexAction.class.php 第 9 行.
NOTIC: [8] Undefined index: id G:\upupw_new\htdocs\cxxs\cxxs\Lib\Action\IndexAction.class.php 第 12 行.
INFO: [ view_parse ] --START--
INFO: ParseTemplate Behavior ::run [ RunTime:0.019972s ]
INFO: [ view_parse ] --END-- [ RunTime:0.020092s ]
INFO: [ view_filter ] --START--
INFO: ContentReplace Behavior ::run [ RunTime:0.002344s ]
INFO: TokenBuild Behavior ::run [ RunTime:0.002981s ]
INFO: WriteHtmlCache Behavior ::run [ RunTime:0.002359s ]
INFO: ShowRuntime Behavior ::run [ RunTime:0.002491s ]
INFO: [ view_filter ] --END-- [ RunTime:0.010608s ]
INFO: [ view_end ] --START--
INFO: ShowPageTrace Behavior ::run [ RunTime:0.002381s ]
INFO: [ view_end ] --END-- [ RunTime:0.002504s ]

[ 2015-11-09T03:19:38+08:00 ] 127.0.0.1 /cxxs/index.php/Index/index
INFO: [ app_begin ] --START--
INFO: ReadHtmlCache Behavior ::run [ RunTime:0.002154s ]
INFO: [ app_begin ] --END-- [ RunTime:0.002258s ]
SQL: SHOW COLUMNS FROM `xk_data` [ RunTime:0.003560s ]
SQL: SELECT * FROM `xk_data`  [ RunTime:0.000321s ]
NOTIC: [8] Use of undefined constant singerpoll - assumed 'singerpoll' G:\upupw_new\htdocs\cxxs\cxxs\Lib\Action\IndexAction.class.php 第 9 行.
NOTIC: [8] Use of undefined constant singerpoll - assumed 'singerpoll' G:\upupw_new\htdocs\cxxs\cxxs\Lib\Action\IndexAction.class.php 第 9 行.
NOTIC: [8] Use of undefined constant singerpoll - assumed 'singerpoll' G:\upupw_new\htdocs\cxxs\cxxs\Lib\Action\IndexAction.class.php 第 9 行.
NOTIC: [8] Use of undefined constant singerpoll - assumed 'singerpoll' G:\upupw_new\htdocs\cxxs\cxxs\Lib\Action\IndexAction.class.php 第 9 行.
NOTIC: [8] Use of undefined constant singerpoll - assumed 'singerpoll' G:\upupw_new\htdocs\cxxs\cxxs\Lib\Action\IndexAction.class.php 第 9 行.
NOTIC: [8] Use of undefined constant singerpoll - assumed 'singerpoll' G:\upupw_new\htdocs\cxxs\cxxs\Lib\Action\IndexAction.class.php 第 9 行.
NOTIC: [8] Use of undefined constant singerpoll - assumed 'singerpoll' G:\upupw_new\htdocs\cxxs\cxxs\Lib\Action\IndexAction.class.php 第 9 行.
NOTIC: [8] Use of undefined constant singerpoll - assumed 'singerpoll' G:\upupw_new\htdocs\cxxs\cxxs\Lib\Action\IndexAction.class.php 第 9 行.
NOTIC: [8] Use of undefined constant singerpoll - assumed 'singerpoll' G:\upupw_new\htdocs\cxxs\cxxs\Lib\Action\IndexAction.class.php 第 9 行.
NOTIC: [8] Use of undefined constant singerpoll - assumed 'singerpoll' G:\upupw_new\htdocs\cxxs\cxxs\Lib\Action\IndexAction.class.php 第 9 行.
NOTIC: [8] Undefined index: id G:\upupw_new\htdocs\cxxs\cxxs\Lib\Action\IndexAction.class.php 第 12 行.
INFO: [ view_parse ] --START--
INFO: ParseTemplate Behavior ::run [ RunTime:0.018066s ]
INFO: [ view_parse ] --END-- [ RunTime:0.018189s ]
INFO: [ view_filter ] --START--
INFO: ContentReplace Behavior ::run [ RunTime:0.002370s ]
INFO: TokenBuild Behavior ::run [ RunTime:0.002193s ]
INFO: WriteHtmlCache Behavior ::run [ RunTime:0.001997s ]
INFO: ShowRuntime Behavior ::run [ RunTime:0.002160s ]
INFO: [ view_filter ] --END-- [ RunTime:0.009008s ]
INFO: [ view_end ] --START--
INFO: ShowPageTrace Behavior ::run [ RunTime:0.002238s ]
INFO: [ view_end ] --END-- [ RunTime:0.002339s ]

[ 2015-11-09T03:20:20+08:00 ] 127.0.0.1 /cxxs/index.php/Index/index
INFO: [ app_begin ] --START--
INFO: ReadHtmlCache Behavior ::run [ RunTime:0.003022s ]
INFO: [ app_begin ] --END-- [ RunTime:0.003151s ]
SQL: SHOW COLUMNS FROM `xk_data` [ RunTime:0.002578s ]
SQL: SELECT * FROM `xk_data`  [ RunTime:0.000308s ]
NOTIC: [8] Use of undefined constant singerpoll - assumed 'singerpoll' G:\upupw_new\htdocs\cxxs\cxxs\Lib\Action\IndexAction.class.php 第 9 行.
NOTIC: [8] Use of undefined constant singerpoll - assumed 'singerpoll' G:\upupw_new\htdocs\cxxs\cxxs\Lib\Action\IndexAction.class.php 第 9 行.
NOTIC: [8] Use of undefined constant singerpoll - assumed 'singerpoll' G:\upupw_new\htdocs\cxxs\cxxs\Lib\Action\IndexAction.class.php 第 9 行.
NOTIC: [8] Use of undefined constant singerpoll - assumed 'singerpoll' G:\upupw_new\htdocs\cxxs\cxxs\Lib\Action\IndexAction.class.php 第 9 行.
NOTIC: [8] Use of undefined constant singerpoll - assumed 'singerpoll' G:\upupw_new\htdocs\cxxs\cxxs\Lib\Action\IndexAction.class.php 第 9 行.
NOTIC: [8] Use of undefined constant singerpoll - assumed 'singerpoll' G:\upupw_new\htdocs\cxxs\cxxs\Lib\Action\IndexAction.class.php 第 9 行.
NOTIC: [8] Use of undefined constant singerpoll - assumed 'singerpoll' G:\upupw_new\htdocs\cxxs\cxxs\Lib\Action\IndexAction.class.php 第 9 行.
NOTIC: [8] Use of undefined constant singerpoll - assumed 'singerpoll' G:\upupw_new\htdocs\cxxs\cxxs\Lib\Action\IndexAction.class.php 第 9 行.
NOTIC: [8] Use of undefined constant singerpoll - assumed 'singerpoll' G:\upupw_new\htdocs\cxxs\cxxs\Lib\Action\IndexAction.class.php 第 9 行.
NOTIC: [8] Use of undefined constant singerpoll - assumed 'singerpoll' G:\upupw_new\htdocs\cxxs\cxxs\Lib\Action\IndexAction.class.php 第 9 行.
NOTIC: [8] Undefined index: id G:\upupw_new\htdocs\cxxs\cxxs\Lib\Action\IndexAction.class.php 第 12 行.
INFO: [ view_parse ] --START--
INFO: ParseTemplate Behavior ::run [ RunTime:0.018367s ]
INFO: [ view_parse ] --END-- [ RunTime:0.018493s ]
INFO: [ view_filter ] --START--
INFO: ContentReplace Behavior ::run [ RunTime:0.002089s ]
INFO: TokenBuild Behavior ::run [ RunTime:0.003212s ]
INFO: WriteHtmlCache Behavior ::run [ RunTime:0.002149s ]
INFO: ShowRuntime Behavior ::run [ RunTime:0.002253s ]
INFO: [ view_filter ] --END-- [ RunTime:0.010019s ]
INFO: [ view_end ] --START--
INFO: ShowPageTrace Behavior ::run [ RunTime:0.002537s ]
INFO: [ view_end ] --END-- [ RunTime:0.002641s ]

[ 2015-11-09T03:21:21+08:00 ] 127.0.0.1 /cxxs/index.php/Index/checkID
INFO: [ app_begin ] --START--
INFO: ReadHtmlCache Behavior ::run [ RunTime:0.002909s ]
INFO: [ app_begin ] --END-- [ RunTime:0.003016s ]
NOTIC: [8] Undefined index: HTTP_CLIENT_IP G:\upupw_new\htdocs\cxxs\cxxs\Lib\Action\IndexAction.class.php 第 15 行.
NOTIC: [8] Undefined index: HTTP_X_FORWARDED_FOR G:\upupw_new\htdocs\cxxs\cxxs\Lib\Action\IndexAction.class.php 第 17 行.
SQL: SHOW COLUMNS FROM `xk_ip` [ RunTime:0.002752s ]
SQL: SELECT `ID` FROM `xk_ip`  [ RunTime:0.000256s ]

[ 2015-11-09T03:21:41+08:00 ] 127.0.0.1 /cxxs/index.php/Index/checkID
INFO: [ app_begin ] --START--
INFO: ReadHtmlCache Behavior ::run [ RunTime:0.003555s ]
INFO: [ app_begin ] --END-- [ RunTime:0.003692s ]
NOTIC: [8] Undefined index: HTTP_CLIENT_IP G:\upupw_new\htdocs\cxxs\cxxs\Lib\Action\IndexAction.class.php 第 15 行.
NOTIC: [8] Undefined index: HTTP_X_FORWARDED_FOR G:\upupw_new\htdocs\cxxs\cxxs\Lib\Action\IndexAction.class.php 第 17 行.
SQL: SHOW COLUMNS FROM `xk_ip` [ RunTime:0.003006s ]
SQL: SELECT `ID` FROM `xk_ip`  [ RunTime:0.000300s ]
SQL: INSERT INTO `xk_ip` (`ID`,`createtime`,`object`) VALUES ('127.0.0.1',1447010501,1) [ RunTime:0.000251s ]
SQL: SHOW COLUMNS FROM `xk_data` [ RunTime:0.002707s ]
SQL: SELECT * FROM `xk_data` WHERE ( `uid` = 0 ) LIMIT 1   [ RunTime:0.000309s ]
SQL: UPDATE `xk_data` SET `poll`=10014,`lasttime`=1447010501 WHERE ( `uid` = 0 ) [ RunTime:0.000346s ]

[ 2015-11-09T03:23:34+08:00 ] 127.0.0.1 /cxxs/index.php/Index/checkID
INFO: [ app_begin ] --START--
INFO: ReadHtmlCache Behavior ::run [ RunTime:0.002680s ]
INFO: [ app_begin ] --END-- [ RunTime:0.002832s ]
NOTIC: [8] Undefined index: HTTP_CLIENT_IP G:\upupw_new\htdocs\cxxs\cxxs\Lib\Action\IndexAction.class.php 第 15 行.
NOTIC: [8] Undefined index: HTTP_X_FORWARDED_FOR G:\upupw_new\htdocs\cxxs\cxxs\Lib\Action\IndexAction.class.php 第 17 行.
SQL: SHOW COLUMNS FROM `xk_ip` [ RunTime:0.002610s ]
SQL: SELECT `ID` FROM `xk_ip`  [ RunTime:0.000276s ]

[ 2015-11-09T03:24:09+08:00 ] 127.0.0.1 /cxxs/index.php/Index/checkID
INFO: [ app_begin ] --START--
INFO: ReadHtmlCache Behavior ::run [ RunTime:0.002196s ]
INFO: [ app_begin ] --END-- [ RunTime:0.002305s ]
NOTIC: [8] Undefined index: HTTP_CLIENT_IP G:\upupw_new\htdocs\cxxs\cxxs\Lib\Action\IndexAction.class.php 第 15 行.
NOTIC: [8] Undefined index: HTTP_X_FORWARDED_FOR G:\upupw_new\htdocs\cxxs\cxxs\Lib\Action\IndexAction.class.php 第 17 行.
SQL: SHOW COLUMNS FROM `xk_ip` [ RunTime:0.002667s ]
SQL: SELECT `ID` FROM `xk_ip`  [ RunTime:0.000261s ]

[ 2015-11-09T03:29:49+08:00 ] 127.0.0.1 /cxxs/index.php/Index/checkID
INFO: [ app_begin ] --START--
INFO: ReadHtmlCache Behavior ::run [ RunTime:0.002476s ]
INFO: [ app_begin ] --END-- [ RunTime:0.002643s ]
NOTIC: [8] Undefined index: HTTP_CLIENT_IP G:\upupw_new\htdocs\cxxs\cxxs\Lib\Action\IndexAction.class.php 第 15 行.
NOTIC: [8] Undefined index: HTTP_X_FORWARDED_FOR G:\upupw_new\htdocs\cxxs\cxxs\Lib\Action\IndexAction.class.php 第 17 行.
SQL: SHOW COLUMNS FROM `xk_ip` [ RunTime:0.002614s ]
SQL: SELECT `ID` FROM `xk_ip`  [ RunTime:0.000344s ]

[ 2015-11-09T03:30:09+08:00 ] 127.0.0.1 /cxxs/index.php/Index/checkID
INFO: [ app_begin ] --START--
INFO: ReadHtmlCache Behavior ::run [ RunTime:0.002128s ]
INFO: [ app_begin ] --END-- [ RunTime:0.002229s ]
NOTIC: [8] Undefined index: HTTP_CLIENT_IP G:\upupw_new\htdocs\cxxs\cxxs\Lib\Action\IndexAction.class.php 第 15 行.
NOTIC: [8] Undefined index: HTTP_X_FORWARDED_FOR G:\upupw_new\htdocs\cxxs\cxxs\Lib\Action\IndexAction.class.php 第 17 行.
SQL: SHOW COLUMNS FROM `xk_ip` [ RunTime:0.002886s ]
SQL: SELECT `ID` FROM `xk_ip`  [ RunTime:0.000295s ]
SQL: INSERT INTO `xk_ip` (`ID`,`createtime`,`object`) VALUES ('127.0.0.1',1447011009,1) [ RunTime:0.000248s ]
SQL: SHOW COLUMNS FROM `xk_data` [ RunTime:0.003089s ]
SQL: SELECT * FROM `xk_data` WHERE ( `uid` = 0 ) LIMIT 1   [ RunTime:0.000360s ]
SQL: UPDATE `xk_data` SET `poll`=10015,`lasttime`=1447011009 WHERE ( `uid` = 0 ) [ RunTime:0.000373s ]

[ 2015-11-09T03:30:13+08:00 ] 127.0.0.1 /cxxs/index.php/Index/checkID
INFO: [ app_begin ] --START--
INFO: ReadHtmlCache Behavior ::run [ RunTime:0.002120s ]
INFO: [ app_begin ] --END-- [ RunTime:0.002225s ]
NOTIC: [8] Undefined index: HTTP_CLIENT_IP G:\upupw_new\htdocs\cxxs\cxxs\Lib\Action\IndexAction.class.php 第 15 行.
NOTIC: [8] Undefined index: HTTP_X_FORWARDED_FOR G:\upupw_new\htdocs\cxxs\cxxs\Lib\Action\IndexAction.class.php 第 17 行.
SQL: SHOW COLUMNS FROM `xk_ip` [ RunTime:0.002687s ]
SQL: SELECT `ID` FROM `xk_ip`  [ RunTime:0.000290s ]

[ 2015-11-09T03:30:24+08:00 ] 127.0.0.1 /cxxs/index.php/Index/checkID
INFO: [ app_begin ] --START--
INFO: ReadHtmlCache Behavior ::run [ RunTime:0.002274s ]
INFO: [ app_begin ] --END-- [ RunTime:0.002378s ]
NOTIC: [8] Undefined index: HTTP_CLIENT_IP G:\upupw_new\htdocs\cxxs\cxxs\Lib\Action\IndexAction.class.php 第 15 行.
NOTIC: [8] Undefined index: HTTP_X_FORWARDED_FOR G:\upupw_new\htdocs\cxxs\cxxs\Lib\Action\IndexAction.class.php 第 17 行.
SQL: SHOW COLUMNS FROM `xk_ip` [ RunTime:0.002865s ]
SQL: SELECT `ID` FROM `xk_ip`  [ RunTime:0.000312s ]
SQL: INSERT INTO `xk_ip` (`ID`,`createtime`,`object`) VALUES ('127.0.0.1',1447011024,1) [ RunTime:0.000253s ]
SQL: SHOW COLUMNS FROM `xk_data` [ RunTime:0.002752s ]
SQL: SELECT * FROM `xk_data` WHERE ( `uid` = 0 ) LIMIT 1   [ RunTime:0.000328s ]
SQL: UPDATE `xk_data` SET `poll`=10016,`lasttime`=1447011024 WHERE ( `uid` = 0 ) [ RunTime:0.000329s ]

[ 2015-11-09T03:31:36+08:00 ] 127.0.0.1 /cxxs/index.php/Index/checkID
INFO: [ app_begin ] --START--
INFO: ReadHtmlCache Behavior ::run [ RunTime:0.002417s ]
INFO: [ app_begin ] --END-- [ RunTime:0.002553s ]
NOTIC: [8] Undefined index: HTTP_CLIENT_IP G:\upupw_new\htdocs\cxxs\cxxs\Lib\Action\IndexAction.class.php 第 15 行.
NOTIC: [8] Undefined index: HTTP_X_FORWARDED_FOR G:\upupw_new\htdocs\cxxs\cxxs\Lib\Action\IndexAction.class.php 第 17 行.
SQL: SHOW COLUMNS FROM `xk_ip` [ RunTime:0.002925s ]
SQL: SELECT `ID` FROM `xk_ip`  [ RunTime:0.000316s ]
SQL: INSERT INTO `xk_ip` (`ID`,`createtime`,`object`) VALUES ('127.0.0.1',1447011096,1) [ RunTime:0.000279s ]
SQL: SHOW COLUMNS FROM `xk_data` [ RunTime:0.002790s ]
SQL: SELECT * FROM `xk_data` WHERE ( `uid` = 0 ) LIMIT 1   [ RunTime:0.000315s ]
SQL: UPDATE `xk_data` SET `poll`=10017,`lasttime`=1447011096 WHERE ( `uid` = 0 ) [ RunTime:0.000293s ]

[ 2015-11-09T03:32:27+08:00 ] 127.0.0.1 /cxxs/index.php/Index/checkID
INFO: [ app_begin ] --START--
INFO: ReadHtmlCache Behavior ::run [ RunTime:0.003443s ]
INFO: [ app_begin ] --END-- [ RunTime:0.003587s ]
NOTIC: [8] Undefined index: HTTP_CLIENT_IP G:\upupw_new\htdocs\cxxs\cxxs\Lib\Action\IndexAction.class.php 第 15 行.
NOTIC: [8] Undefined index: HTTP_X_FORWARDED_FOR G:\upupw_new\htdocs\cxxs\cxxs\Lib\Action\IndexAction.class.php 第 17 行.
SQL: SHOW COLUMNS FROM `xk_ip` [ RunTime:0.003138s ]
SQL: SELECT `ID` FROM `xk_ip`  [ RunTime:0.000303s ]
SQL: INSERT INTO `xk_ip` (`ID`,`createtime`,`object`) VALUES ('127.0.0.1',1447011147,1) [ RunTime:0.000274s ]
SQL: SHOW COLUMNS FROM `xk_data` [ RunTime:0.002842s ]
SQL: SELECT * FROM `xk_data` WHERE ( `uid` = 0 ) LIMIT 1   [ RunTime:0.000319s ]
SQL: UPDATE `xk_data` SET `poll`=10018,`lasttime`=1447011147 WHERE ( `uid` = 0 ) [ RunTime:0.000306s ]

[ 2015-11-09T03:34:03+08:00 ] 127.0.0.1 /cxxs/index.php/Index/checkID
INFO: [ app_begin ] --START--
INFO: ReadHtmlCache Behavior ::run [ RunTime:0.002203s ]
INFO: [ app_begin ] --END-- [ RunTime:0.002312s ]
NOTIC: [8] Undefined index: HTTP_CLIENT_IP G:\upupw_new\htdocs\cxxs\cxxs\Lib\Action\IndexAction.class.php 第 15 行.
NOTIC: [8] Undefined index: HTTP_X_FORWARDED_FOR G:\upupw_new\htdocs\cxxs\cxxs\Lib\Action\IndexAction.class.php 第 17 行.
SQL: SHOW COLUMNS FROM `xk_ip` [ RunTime:0.003153s ]
SQL: SELECT `ID` FROM `xk_ip`  [ RunTime:0.000286s ]

[ 2015-11-09T03:34:19+08:00 ] 127.0.0.1 /cxxs/index.php/Index/checkID
INFO: [ app_begin ] --START--
INFO: ReadHtmlCache Behavior ::run [ RunTime:0.002405s ]
INFO: [ app_begin ] --END-- [ RunTime:0.002519s ]
NOTIC: [8] Undefined index: HTTP_CLIENT_IP G:\upupw_new\htdocs\cxxs\cxxs\Lib\Action\IndexAction.class.php 第 15 行.
NOTIC: [8] Undefined index: HTTP_X_FORWARDED_FOR G:\upupw_new\htdocs\cxxs\cxxs\Lib\Action\IndexAction.class.php 第 17 行.
SQL: SHOW COLUMNS FROM `xk_ip` [ RunTime:0.002692s ]
SQL: SELECT `ID` FROM `xk_ip`  [ RunTime:0.000316s ]
SQL: INSERT INTO `xk_ip` (`ID`,`createtime`,`object`) VALUES ('127.0.0.1',1447011259,1) [ RunTime:0.000241s ]
SQL: SHOW COLUMNS FROM `xk_data` [ RunTime:0.002598s ]
SQL: SELECT * FROM `xk_data` WHERE ( `uid` = 0 ) LIMIT 1   [ RunTime:0.000364s ]
SQL: UPDATE `xk_data` SET `poll`=10019,`lasttime`=1447011259 WHERE ( `uid` = 0 ) [ RunTime:0.000315s ]

[ 2015-11-09T03:36:13+08:00 ] 127.0.0.1 /cxxs/index.php/Index/checkID
INFO: [ app_begin ] --START--
INFO: ReadHtmlCache Behavior ::run [ RunTime:0.002332s ]
INFO: [ app_begin ] --END-- [ RunTime:0.002440s ]
NOTIC: [8] Undefined index: HTTP_CLIENT_IP G:\upupw_new\htdocs\cxxs\cxxs\Lib\Action\IndexAction.class.php 第 15 行.
NOTIC: [8] Undefined index: HTTP_X_FORWARDED_FOR G:\upupw_new\htdocs\cxxs\cxxs\Lib\Action\IndexAction.class.php 第 17 行.
SQL: SHOW COLUMNS FROM `xk_ip` [ RunTime:0.005045s ]
SQL: SELECT `ID` FROM `xk_ip`  [ RunTime:0.000366s ]

[ 2015-11-09T03:36:31+08:00 ] 127.0.0.1 /cxxs/index.php/Index/checkID
INFO: [ app_begin ] --START--
INFO: ReadHtmlCache Behavior ::run [ RunTime:0.003772s ]
INFO: [ app_begin ] --END-- [ RunTime:0.003919s ]
NOTIC: [8] Undefined index: HTTP_CLIENT_IP G:\upupw_new\htdocs\cxxs\cxxs\Lib\Action\IndexAction.class.php 第 15 行.
NOTIC: [8] Undefined index: HTTP_X_FORWARDED_FOR G:\upupw_new\htdocs\cxxs\cxxs\Lib\Action\IndexAction.class.php 第 17 行.
SQL: SHOW COLUMNS FROM `xk_ip` [ RunTime:0.003373s ]
SQL: SELECT `ID` FROM `xk_ip`  [ RunTime:0.000306s ]
NOTIC: [2] Invalid argument supplied for foreach() G:\upupw_new\htdocs\cxxs\cxxs\Lib\Action\IndexAction.class.php 第 25 行.
SQL: INSERT INTO `xk_ip` (`ID`,`createtime`,`object`) VALUES ('127.0.0.1',1447011391,1) [ RunTime:0.000274s ]
SQL: SHOW COLUMNS FROM `xk_data` [ RunTime:0.002636s ]
SQL: SELECT * FROM `xk_data` WHERE ( `uid` = 0 ) LIMIT 1   [ RunTime:0.000348s ]
SQL: UPDATE `xk_data` SET `poll`=10020,`lasttime`=1447011391 WHERE ( `uid` = 0 ) [ RunTime:0.000326s ]

[ 2015-11-09T03:37:47+08:00 ] 127.0.0.1 /cxxs/index.php/Index/checkID
INFO: [ app_begin ] --START--
INFO: ReadHtmlCache Behavior ::run [ RunTime:0.002373s ]
INFO: [ app_begin ] --END-- [ RunTime:0.002534s ]
NOTIC: [8] Undefined index: HTTP_CLIENT_IP G:\upupw_new\htdocs\cxxs\cxxs\Lib\Action\IndexAction.class.php 第 15 行.
NOTIC: [8] Undefined index: HTTP_X_FORWARDED_FOR G:\upupw_new\htdocs\cxxs\cxxs\Lib\Action\IndexAction.class.php 第 17 行.
SQL: SHOW COLUMNS FROM `xk_ip` [ RunTime:0.003006s ]
SQL: SELECT `ID` FROM `xk_ip`  [ RunTime:0.000288s ]

[ 2015-11-09T03:38:46+08:00 ] 127.0.0.1 /cxxs/index.php/Index/checkID
INFO: [ app_begin ] --START--
INFO: ReadHtmlCache Behavior ::run [ RunTime:0.002300s ]
INFO: [ app_begin ] --END-- [ RunTime:0.002457s ]
NOTIC: [8] Undefined index: cxxs G:\upupw_new\htdocs\cxxs\cxxs\Lib\Action\IndexAction.class.php 第 15 行.

[ 2015-11-09T03:39:30+08:00 ] 127.0.0.1 /cxxs/index.php/Index/checkID
INFO: [ app_begin ] --START--
INFO: ReadHtmlCache Behavior ::run [ RunTime:0.002216s ]
INFO: [ app_begin ] --END-- [ RunTime:0.002323s ]

[ 2015-11-09T03:41:13+08:00 ] 127.0.0.1 /cxxs/index.php/Index/checkID
INFO: [ app_begin ] --START--
INFO: ReadHtmlCache Behavior ::run [ RunTime:0.002274s ]
INFO: [ app_begin ] --END-- [ RunTime:0.002379s ]
NOTIC: [8] Undefined index: HTTP_CLIENT_IP G:\upupw_new\htdocs\cxxs\cxxs\Lib\Action\IndexAction.class.php 第 15 行.
NOTIC: [8] Undefined index: HTTP_X_FORWARDED_FOR G:\upupw_new\htdocs\cxxs\cxxs\Lib\Action\IndexAction.class.php 第 17 行.
SQL: SHOW COLUMNS FROM `xk_ip` [ RunTime:0.002961s ]
SQL: SELECT `ID` FROM `xk_ip`  [ RunTime:0.000380s ]

[ 2015-11-09T03:41:21+08:00 ] 127.0.0.1 /cxxs/index.php/Index/checkID
INFO: [ app_begin ] --START--
INFO: ReadHtmlCache Behavior ::run [ RunTime:0.002237s ]
INFO: [ app_begin ] --END-- [ RunTime:0.002341s ]
NOTIC: [8] Undefined index: HTTP_CLIENT_IP G:\upupw_new\htdocs\cxxs\cxxs\Lib\Action\IndexAction.class.php 第 15 行.
NOTIC: [8] Undefined index: HTTP_X_FORWARDED_FOR G:\upupw_new\htdocs\cxxs\cxxs\Lib\Action\IndexAction.class.php 第 17 行.
SQL: SHOW COLUMNS FROM `xk_ip` [ RunTime:0.002906s ]
SQL: SELECT `ID` FROM `xk_ip`  [ RunTime:0.000273s ]
NOTIC: [2] Invalid argument supplied for foreach() G:\upupw_new\htdocs\cxxs\cxxs\Lib\Action\IndexAction.class.php 第 25 行.
SQL: INSERT INTO `xk_ip` (`ID`,`createtime`,`object`) VALUES ('127.0.0.1',1447011681,1) [ RunTime:0.000231s ]
SQL: SHOW COLUMNS FROM `xk_data` [ RunTime:0.003027s ]
SQL: SELECT * FROM `xk_data` WHERE ( `uid` = 0 ) LIMIT 1   [ RunTime:0.000312s ]
SQL: UPDATE `xk_data` SET `poll`=10021,`lasttime`=1447011681 WHERE ( `uid` = 0 ) [ RunTime:0.000450s ]

[ 2015-11-09T03:41:35+08:00 ] 127.0.0.1 /cxxs/index.php/Index/checkID
INFO: [ app_begin ] --START--
INFO: ReadHtmlCache Behavior ::run [ RunTime:0.002323s ]
INFO: [ app_begin ] --END-- [ RunTime:0.002428s ]
NOTIC: [8] Undefined index: HTTP_CLIENT_IP G:\upupw_new\htdocs\cxxs\cxxs\Lib\Action\IndexAction.class.php 第 15 行.
NOTIC: [8] Undefined index: HTTP_X_FORWARDED_FOR G:\upupw_new\htdocs\cxxs\cxxs\Lib\Action\IndexAction.class.php 第 17 行.
SQL: SHOW COLUMNS FROM `xk_ip` [ RunTime:0.002736s ]
SQL: SELECT `ID` FROM `xk_ip`  [ RunTime:0.000253s ]

[ 2015-11-09T03:42:11+08:00 ] 127.0.0.1 /cxxs/index.php/Index/checkID
INFO: [ app_begin ] --START--
INFO: ReadHtmlCache Behavior ::run [ RunTime:0.002914s ]
INFO: [ app_begin ] --END-- [ RunTime:0.003066s ]

[ 2015-11-09T03:42:57+08:00 ] 127.0.0.1 /cxxs/index.php/Index/checkID
INFO: [ app_begin ] --START--
INFO: ReadHtmlCache Behavior ::run [ RunTime:0.002654s ]
INFO: [ app_begin ] --END-- [ RunTime:0.002772s ]
NOTIC: [8] Undefined index: HTTP_CLIENT_IP G:\upupw_new\htdocs\cxxs\cxxs\Lib\Action\IndexAction.class.php 第 15 行.
NOTIC: [8] Undefined index: HTTP_X_FORWARDED_FOR G:\upupw_new\htdocs\cxxs\cxxs\Lib\Action\IndexAction.class.php 第 17 行.
SQL: SHOW COLUMNS FROM `xk_ip` [ RunTime:0.002570s ]
SQL: SELECT `ID` FROM `xk_ip`  [ RunTime:0.000253s ]
NOTIC: [2] Invalid argument supplied for foreach() G:\upupw_new\htdocs\cxxs\cxxs\Lib\Action\IndexAction.class.php 第 25 行.

[ 2015-11-09T03:44:15+08:00 ] 127.0.0.1 /cxxs/index.php/Index/checkID
INFO: [ app_begin ] --START--
INFO: ReadHtmlCache Behavior ::run [ RunTime:0.002304s ]
INFO: [ app_begin ] --END-- [ RunTime:0.002430s ]
NOTIC: [8] Undefined index: HTTP_CLIENT_IP G:\upupw_new\htdocs\cxxs\cxxs\Lib\Action\IndexAction.class.php 第 15 行.
NOTIC: [8] Undefined index: HTTP_X_FORWARDED_FOR G:\upupw_new\htdocs\cxxs\cxxs\Lib\Action\IndexAction.class.php 第 17 行.
SQL: SHOW COLUMNS FROM `xk_ip` [ RunTime:0.003080s ]
SQL: SELECT `ID` FROM `xk_ip`  [ RunTime:0.000295s ]
NOTIC: [2] Invalid argument supplied for foreach() G:\upupw_new\htdocs\cxxs\cxxs\Lib\Action\IndexAction.class.php 第 25 行.
NOTIC: [8] Undefined variable: cookiename G:\upupw_new\htdocs\cxxs\cxxs\Lib\Action\IndexAction.class.php 第 32 行.
SQL: INSERT INTO `xk_ip` (`ID`,`createtime`,`object`) VALUES ('127.0.0.1',1447011855,1) [ RunTime:0.000274s ]
SQL: SHOW COLUMNS FROM `xk_data` [ RunTime:0.002668s ]
SQL: SELECT * FROM `xk_data` WHERE ( `uid` = 0 ) LIMIT 1   [ RunTime:0.000316s ]
SQL: UPDATE `xk_data` SET `poll`=10022,`lasttime`=1447011855 WHERE ( `uid` = 0 ) [ RunTime:0.000286s ]
NOTIC: [8] Undefined variable: cookiename G:\upupw_new\htdocs\cxxs\cxxs\Lib\Action\IndexAction.class.php 第 46 行.

[ 2015-11-09T03:44:28+08:00 ] 127.0.0.1 /cxxs/index.php/Index/checkID
INFO: [ app_begin ] --START--
INFO: ReadHtmlCache Behavior ::run [ RunTime:0.003049s ]
INFO: [ app_begin ] --END-- [ RunTime:0.003162s ]
NOTIC: [8] Undefined index: HTTP_CLIENT_IP G:\upupw_new\htdocs\cxxs\cxxs\Lib\Action\IndexAction.class.php 第 15 行.
NOTIC: [8] Undefined index: HTTP_X_FORWARDED_FOR G:\upupw_new\htdocs\cxxs\cxxs\Lib\Action\IndexAction.class.php 第 17 行.
SQL: SHOW COLUMNS FROM `xk_ip` [ RunTime:0.002877s ]
SQL: SELECT `ID` FROM `xk_ip`  [ RunTime:0.000267s ]
NOTIC: [2] Invalid argument supplied for foreach() G:\upupw_new\htdocs\cxxs\cxxs\Lib\Action\IndexAction.class.php 第 25 行.
NOTIC: [8] Undefined variable: cookiename G:\upupw_new\htdocs\cxxs\cxxs\Lib\Action\IndexAction.class.php 第 32 行.
SQL: INSERT INTO `xk_ip` (`ID`,`createtime`,`object`) VALUES ('127.0.0.1',1447011868,1) [ RunTime:0.000248s ]
SQL: SHOW COLUMNS FROM `xk_data` [ RunTime:0.002576s ]
SQL: SELECT * FROM `xk_data` WHERE ( `uid` = 0 ) LIMIT 1   [ RunTime:0.000299s ]
SQL: UPDATE `xk_data` SET `poll`=10023,`lasttime`=1447011868 WHERE ( `uid` = 0 ) [ RunTime:0.000254s ]
NOTIC: [8] Undefined variable: cookiename G:\upupw_new\htdocs\cxxs\cxxs\Lib\Action\IndexAction.class.php 第 46 行.

[ 2015-11-09T03:44:49+08:00 ] 127.0.0.1 /cxxs/index.php/Index/checkID
INFO: [ app_begin ] --START--
INFO: ReadHtmlCache Behavior ::run [ RunTime:0.003344s ]
INFO: [ app_begin ] --END-- [ RunTime:0.003463s ]
NOTIC: [8] Undefined index: HTTP_CLIENT_IP G:\upupw_new\htdocs\cxxs\cxxs\Lib\Action\IndexAction.class.php 第 15 行.
NOTIC: [8] Undefined index: HTTP_X_FORWARDED_FOR G:\upupw_new\htdocs\cxxs\cxxs\Lib\Action\IndexAction.class.php 第 17 行.
SQL: SHOW COLUMNS FROM `xk_ip` [ RunTime:0.002832s ]
SQL: SELECT `ID` FROM `xk_ip`  [ RunTime:0.000299s ]

[ 2015-11-09T03:45:40+08:00 ] 127.0.0.1 /cxxs/index.php/Index/checkID
INFO: [ app_begin ] --START--
INFO: ReadHtmlCache Behavior ::run [ RunTime:0.002215s ]
INFO: [ app_begin ] --END-- [ RunTime:0.002329s ]
NOTIC: [8] Undefined index: HTTP_CLIENT_IP G:\upupw_new\htdocs\cxxs\cxxs\Lib\Action\IndexAction.class.php 第 15 行.
NOTIC: [8] Undefined index: HTTP_X_FORWARDED_FOR G:\upupw_new\htdocs\cxxs\cxxs\Lib\Action\IndexAction.class.php 第 17 行.
SQL: SHOW COLUMNS FROM `xk_ip` [ RunTime:0.002603s ]
SQL: SELECT `ID` FROM `xk_ip`  [ RunTime:0.000238s ]

[ 2015-11-09T03:45:52+08:00 ] 127.0.0.1 /cxxs/index.php/Index/checkID
INFO: [ app_begin ] --START--
INFO: ReadHtmlCache Behavior ::run [ RunTime:0.002197s ]
INFO: [ app_begin ] --END-- [ RunTime:0.002303s ]
NOTIC: [8] Undefined index: HTTP_CLIENT_IP G:\upupw_new\htdocs\cxxs\cxxs\Lib\Action\IndexAction.class.php 第 15 行.
NOTIC: [8] Undefined index: HTTP_X_FORWARDED_FOR G:\upupw_new\htdocs\cxxs\cxxs\Lib\Action\IndexAction.class.php 第 17 行.
SQL: SHOW COLUMNS FROM `xk_ip` [ RunTime:0.002963s ]
SQL: SELECT `ID` FROM `xk_ip`  [ RunTime:0.000259s ]
NOTIC: [2] Invalid argument supplied for foreach() G:\upupw_new\htdocs\cxxs\cxxs\Lib\Action\IndexAction.class.php 第 25 行.
SQL: INSERT INTO `xk_ip` (`ID`,`createtime`,`object`) VALUES ('127.0.0.1',1447011952,1) [ RunTime:0.000236s ]
SQL: SHOW COLUMNS FROM `xk_data` [ RunTime:0.002607s ]
SQL: SELECT * FROM `xk_data` WHERE ( `uid` = 0 ) LIMIT 1   [ RunTime:0.000365s ]
SQL: UPDATE `xk_data` SET `poll`=10024,`lasttime`=1447011952 WHERE ( `uid` = 0 ) [ RunTime:0.000276s ]
NOTIC: [8] Undefined variable: cookiename G:\upupw_new\htdocs\cxxs\cxxs\Lib\Action\IndexAction.class.php 第 46 行.

[ 2015-11-09T03:46:35+08:00 ] 127.0.0.1 /cxxs/index.php/Index/checkID
INFO: [ app_begin ] --START--
INFO: ReadHtmlCache Behavior ::run [ RunTime:0.002447s ]
INFO: [ app_begin ] --END-- [ RunTime:0.002586s ]
NOTIC: [8] Undefined index: HTTP_CLIENT_IP G:\upupw_new\htdocs\cxxs\cxxs\Lib\Action\IndexAction.class.php 第 15 行.
NOTIC: [8] Undefined index: HTTP_X_FORWARDED_FOR G:\upupw_new\htdocs\cxxs\cxxs\Lib\Action\IndexAction.class.php 第 17 行.
SQL: SHOW COLUMNS FROM `xk_ip` [ RunTime:0.002953s ]
SQL: SELECT `ID` FROM `xk_ip`  [ RunTime:0.000307s ]

[ 2015-11-09T03:47:46+08:00 ] 127.0.0.1 /cxxs/index.php/Index/checkID
INFO: [ app_begin ] --START--
INFO: ReadHtmlCache Behavior ::run [ RunTime:0.002633s ]
INFO: [ app_begin ] --END-- [ RunTime:0.002750s ]
NOTIC: [8] Undefined index: HTTP_CLIENT_IP G:\upupw_new\htdocs\cxxs\cxxs\Lib\Action\IndexAction.class.php 第 18 行.
NOTIC: [8] Undefined index: HTTP_X_FORWARDED_FOR G:\upupw_new\htdocs\cxxs\cxxs\Lib\Action\IndexAction.class.php 第 20 行.
SQL: SHOW COLUMNS FROM `xk_ip` [ RunTime:0.002768s ]
SQL: SELECT `ID` FROM `xk_ip`  [ RunTime:0.000362s ]

[ 2015-11-09T03:47:56+08:00 ] 127.0.0.1 /cxxs/index.php/Index/checkID
INFO: [ app_begin ] --START--
INFO: ReadHtmlCache Behavior ::run [ RunTime:0.002368s ]
INFO: [ app_begin ] --END-- [ RunTime:0.002480s ]
NOTIC: [8] Undefined index: HTTP_CLIENT_IP G:\upupw_new\htdocs\cxxs\cxxs\Lib\Action\IndexAction.class.php 第 18 行.
NOTIC: [8] Undefined index: HTTP_X_FORWARDED_FOR G:\upupw_new\htdocs\cxxs\cxxs\Lib\Action\IndexAction.class.php 第 20 行.
SQL: SHOW COLUMNS FROM `xk_ip` [ RunTime:0.002854s ]
SQL: SELECT `ID` FROM `xk_ip`  [ RunTime:0.000287s ]
NOTIC: [2] Invalid argument supplied for foreach() G:\upupw_new\htdocs\cxxs\cxxs\Lib\Action\IndexAction.class.php 第 28 行.
SQL: INSERT INTO `xk_ip` (`ID`,`createtime`,`object`) VALUES ('127.0.0.1',1447012076,1) [ RunTime:0.000255s ]
SQL: SHOW COLUMNS FROM `xk_data` [ RunTime:0.002736s ]
SQL: SELECT * FROM `xk_data` WHERE ( `uid` = 0 ) LIMIT 1   [ RunTime:0.000366s ]
SQL: UPDATE `xk_data` SET `poll`=10025,`lasttime`=1447012076 WHERE ( `uid` = 0 ) [ RunTime:0.000378s ]

[ 2015-11-09T03:48:49+08:00 ] 127.0.0.1 /cxxs/index.php/Index/checkID
INFO: [ app_begin ] --START--
INFO: ReadHtmlCache Behavior ::run [ RunTime:0.002497s ]
INFO: [ app_begin ] --END-- [ RunTime:0.002608s ]

[ 2015-11-09T03:49:04+08:00 ] 127.0.0.1 /cxxs/index.php/Index/checkID
INFO: [ app_begin ] --START--
INFO: ReadHtmlCache Behavior ::run [ RunTime:0.002510s ]
INFO: [ app_begin ] --END-- [ RunTime:0.002649s ]
NOTIC: [8] Undefined index: cxxs G:\upupw_new\htdocs\cxxs\cxxs\Lib\Action\IndexAction.class.php 第 15 行.
NOTIC: [8] Undefined index: HTTP_CLIENT_IP G:\upupw_new\htdocs\cxxs\cxxs\Lib\Action\IndexAction.class.php 第 18 行.
NOTIC: [8] Undefined index: HTTP_X_FORWARDED_FOR G:\upupw_new\htdocs\cxxs\cxxs\Lib\Action\IndexAction.class.php 第 20 行.
SQL: SHOW COLUMNS FROM `xk_ip` [ RunTime:0.003511s ]
SQL: SELECT `ID` FROM `xk_ip`  [ RunTime:0.000313s ]

[ 2015-11-09T03:52:50+08:00 ] 127.0.0.1 /cxxs/index.php/Index/checkID
INFO: [ app_begin ] --START--
INFO: ReadHtmlCache Behavior ::run [ RunTime:0.002207s ]
INFO: [ app_begin ] --END-- [ RunTime:0.002310s ]
NOTIC: [8] Undefined index: cxxs G:\upupw_new\htdocs\cxxs\cxxs\Lib\Action\IndexAction.class.php 第 15 行.
NOTIC: [8] Undefined index: HTTP_CLIENT_IP G:\upupw_new\htdocs\cxxs\cxxs\Lib\Action\IndexAction.class.php 第 18 行.
NOTIC: [8] Undefined index: HTTP_X_FORWARDED_FOR G:\upupw_new\htdocs\cxxs\cxxs\Lib\Action\IndexAction.class.php 第 20 行.
SQL: SHOW COLUMNS FROM `xk_ip` [ RunTime:0.002594s ]
SQL: SELECT `ID` FROM `xk_ip`  [ RunTime:0.000290s ]

[ 2015-11-09T03:53:10+08:00 ] 127.0.0.1 /cxxs/index.php/Index/checkID
INFO: [ app_begin ] --START--
INFO: ReadHtmlCache Behavior ::run [ RunTime:0.003192s ]
INFO: [ app_begin ] --END-- [ RunTime:0.003352s ]

[ 2015-11-09T03:55:41+08:00 ] 127.0.0.1 /cxxs/index.php/Index/checkID
INFO: [ app_begin ] --START--
INFO: ReadHtmlCache Behavior ::run [ RunTime:0.002954s ]
INFO: [ app_begin ] --END-- [ RunTime:0.003100s ]

[ 2015-11-09T03:58:10+08:00 ] 127.0.0.1 /cxxs/index.php/Index/checkID
INFO: [ app_begin ] --START--
INFO: ReadHtmlCache Behavior ::run [ RunTime:0.003064s ]
INFO: [ app_begin ] --END-- [ RunTime:0.003178s ]

[ 2015-11-09T03:58:14+08:00 ] 127.0.0.1 /cxxs/index.php/Index/checkID
INFO: [ app_begin ] --START--
INFO: ReadHtmlCache Behavior ::run [ RunTime:0.002321s ]
INFO: [ app_begin ] --END-- [ RunTime:0.002431s ]

[ 2015-11-09T03:58:54+08:00 ] 127.0.0.1 /cxxs/index.php/Index/checkID
INFO: [ app_begin ] --START--
INFO: ReadHtmlCache Behavior ::run [ RunTime:0.002950s ]
INFO: [ app_begin ] --END-- [ RunTime:0.003118s ]

[ 2015-11-09T03:59:44+08:00 ] 127.0.0.1 /cxxs/index.php/Index/checkID
INFO: [ app_begin ] --START--
INFO: ReadHtmlCache Behavior ::run [ RunTime:0.003161s ]
INFO: [ app_begin ] --END-- [ RunTime:0.003311s ]

[ 2015-11-09T03:59:58+08:00 ] 127.0.0.1 /cxxs/index.php/Index/checkID
INFO: [ app_begin ] --START--
INFO: ReadHtmlCache Behavior ::run [ RunTime:0.003518s ]
INFO: [ app_begin ] --END-- [ RunTime:0.003692s ]

[ 2015-11-09T04:01:09+08:00 ] 127.0.0.1 /cxxs/index.php/Index/checkID
INFO: [ app_begin ] --START--
INFO: ReadHtmlCache Behavior ::run [ RunTime:0.002499s ]
INFO: [ app_begin ] --END-- [ RunTime:0.002605s ]

[ 2015-11-09T04:02:02+08:00 ] 127.0.0.1 /cxxs/index.php/Index/checkID
INFO: [ app_begin ] --START--
INFO: ReadHtmlCache Behavior ::run [ RunTime:0.003519s ]
INFO: [ app_begin ] --END-- [ RunTime:0.003896s ]

[ 2015-11-09T04:02:14+08:00 ] 127.0.0.1 /cxxs/index.php/Index/checkID
INFO: [ app_begin ] --START--
INFO: ReadHtmlCache Behavior ::run [ RunTime:0.002369s ]
INFO: [ app_begin ] --END-- [ RunTime:0.002498s ]

[ 2015-11-09T04:02:33+08:00 ] 127.0.0.1 /cxxs/index.php/Index/checkID
INFO: [ app_begin ] --START--
INFO: ReadHtmlCache Behavior ::run [ RunTime:0.002235s ]
INFO: [ app_begin ] --END-- [ RunTime:0.002357s ]

[ 2015-11-09T04:02:45+08:00 ] 127.0.0.1 /cxxs/index.php/Index/checkID
INFO: [ app_begin ] --START--
INFO: ReadHtmlCache Behavior ::run [ RunTime:0.003053s ]
INFO: [ app_begin ] --END-- [ RunTime:0.003216s ]

[ 2015-11-09T04:05:30+08:00 ] 127.0.0.1 /cxxs/index.php/Index/checkID
INFO: [ app_begin ] --START--
INFO: ReadHtmlCache Behavior ::run [ RunTime:0.002142s ]
INFO: [ app_begin ] --END-- [ RunTime:0.002244s ]

[ 2015-11-09T04:05:46+08:00 ] 127.0.0.1 /cxxs/index.php/Index/checkID
INFO: [ app_begin ] --START--
INFO: ReadHtmlCache Behavior ::run [ RunTime:0.002363s ]
INFO: [ app_begin ] --END-- [ RunTime:0.002494s ]

[ 2015-11-09T04:06:10+08:00 ] 127.0.0.1 /cxxs/index.php/Index/checkID
INFO: [ app_begin ] --START--
INFO: ReadHtmlCache Behavior ::run [ RunTime:0.003158s ]
INFO: [ app_begin ] --END-- [ RunTime:0.003291s ]

[ 2015-11-09T04:07:05+08:00 ] 127.0.0.1 /cxxs/index.php/Index/checkID
INFO: [ app_begin ] --START--
INFO: ReadHtmlCache Behavior ::run [ RunTime:0.002146s ]
INFO: [ app_begin ] --END-- [ RunTime:0.002252s ]

[ 2015-11-09T04:07:12+08:00 ] 127.0.0.1 /cxxs/index.php/Index/checkID
INFO: [ app_begin ] --START--
INFO: ReadHtmlCache Behavior ::run [ RunTime:0.003136s ]
INFO: [ app_begin ] --END-- [ RunTime:0.003294s ]

[ 2015-11-09T04:07:28+08:00 ] 127.0.0.1 /cxxs/index.php/Index/checkID
INFO: [ app_begin ] --START--
INFO: ReadHtmlCache Behavior ::run [ RunTime:0.002201s ]
INFO: [ app_begin ] --END-- [ RunTime:0.002303s ]

[ 2015-11-09T04:07:32+08:00 ] 127.0.0.1 /cxxs/index.php/Index/checkID
INFO: [ app_begin ] --START--
INFO: ReadHtmlCache Behavior ::run [ RunTime:0.003433s ]
INFO: [ app_begin ] --END-- [ RunTime:0.003547s ]

[ 2015-11-09T04:07:35+08:00 ] 127.0.0.1 /cxxs/index.php/Index/checkID
INFO: [ app_begin ] --START--
INFO: ReadHtmlCache Behavior ::run [ RunTime:0.002142s ]
INFO: [ app_begin ] --END-- [ RunTime:0.002244s ]

[ 2015-11-09T04:07:50+08:00 ] 127.0.0.1 /cxxs/index.php/Index/checkID
INFO: [ app_begin ] --START--
INFO: ReadHtmlCache Behavior ::run [ RunTime:0.002110s ]
INFO: [ app_begin ] --END-- [ RunTime:0.002214s ]
NOTIC: [8] Undefined index: cxxs G:\upupw_new\htdocs\cxxs\cxxs\Lib\Action\IndexAction.class.php 第 15 行.
NOTIC: [8] Undefined index: HTTP_CLIENT_IP G:\upupw_new\htdocs\cxxs\cxxs\Lib\Action\IndexAction.class.php 第 18 行.
NOTIC: [8] Undefined index: HTTP_X_FORWARDED_FOR G:\upupw_new\htdocs\cxxs\cxxs\Lib\Action\IndexAction.class.php 第 20 行.
SQL: SHOW COLUMNS FROM `xk_ip` [ RunTime:0.003053s ]
SQL: SELECT `ID` FROM `xk_ip`  [ RunTime:0.000277s ]

[ 2015-11-09T04:07:53+08:00 ] 127.0.0.1 /cxxs/index.php/Index/checkID
INFO: [ app_begin ] --START--
INFO: ReadHtmlCache Behavior ::run [ RunTime:0.002913s ]
INFO: [ app_begin ] --END-- [ RunTime:0.003031s ]
NOTIC: [8] Undefined index: cxxs G:\upupw_new\htdocs\cxxs\cxxs\Lib\Action\IndexAction.class.php 第 15 行.
NOTIC: [8] Undefined index: HTTP_CLIENT_IP G:\upupw_new\htdocs\cxxs\cxxs\Lib\Action\IndexAction.class.php 第 18 行.
NOTIC: [8] Undefined index: HTTP_X_FORWARDED_FOR G:\upupw_new\htdocs\cxxs\cxxs\Lib\Action\IndexAction.class.php 第 20 行.
SQL: SHOW COLUMNS FROM `xk_ip` [ RunTime:0.002694s ]
SQL: SELECT `ID` FROM `xk_ip`  [ RunTime:0.000275s ]

[ 2015-11-09T04:07:55+08:00 ] 127.0.0.1 /cxxs/index.php/Index/checkID
INFO: [ app_begin ] --START--
INFO: ReadHtmlCache Behavior ::run [ RunTime:0.003294s ]
INFO: [ app_begin ] --END-- [ RunTime:0.003465s ]
NOTIC: [8] Undefined index: cxxs G:\upupw_new\htdocs\cxxs\cxxs\Lib\Action\IndexAction.class.php 第 15 行.
NOTIC: [8] Undefined index: HTTP_CLIENT_IP G:\upupw_new\htdocs\cxxs\cxxs\Lib\Action\IndexAction.class.php 第 18 行.
NOTIC: [8] Undefined index: HTTP_X_FORWARDED_FOR G:\upupw_new\htdocs\cxxs\cxxs\Lib\Action\IndexAction.class.php 第 20 行.
SQL: SHOW COLUMNS FROM `xk_ip` [ RunTime:0.002532s ]
SQL: SELECT `ID` FROM `xk_ip`  [ RunTime:0.000241s ]

[ 2015-11-09T04:08:09+08:00 ] 127.0.0.1 /cxxs/index.php/Index/checkID
INFO: [ app_begin ] --START--
INFO: ReadHtmlCache Behavior ::run [ RunTime:0.002237s ]
INFO: [ app_begin ] --END-- [ RunTime:0.002345s ]
NOTIC: [8] Undefined index: cxxs G:\upupw_new\htdocs\cxxs\cxxs\Lib\Action\IndexAction.class.php 第 15 行.
NOTIC: [8] Undefined index: HTTP_CLIENT_IP G:\upupw_new\htdocs\cxxs\cxxs\Lib\Action\IndexAction.class.php 第 18 行.
NOTIC: [8] Undefined index: HTTP_X_FORWARDED_FOR G:\upupw_new\htdocs\cxxs\cxxs\Lib\Action\IndexAction.class.php 第 20 行.
SQL: SHOW COLUMNS FROM `xk_ip` [ RunTime:0.002582s ]
SQL: SELECT `ID` FROM `xk_ip`  [ RunTime:0.000236s ]
NOTIC: [2] Invalid argument supplied for foreach() G:\upupw_new\htdocs\cxxs\cxxs\Lib\Action\IndexAction.class.php 第 28 行.
SQL: INSERT INTO `xk_ip` (`ID`,`createtime`,`object`) VALUES ('127.0.0.1',1447013289,1) [ RunTime:0.000215s ]
SQL: SHOW COLUMNS FROM `xk_data` [ RunTime:0.002906s ]
SQL: SELECT * FROM `xk_data` WHERE ( `uid` = 0 ) LIMIT 1   [ RunTime:0.000413s ]
SQL: UPDATE `xk_data` SET `poll`=10026,`lasttime`=1447013289 WHERE ( `uid` = 0 ) [ RunTime:0.000263s ]

[ 2015-11-09T04:08:24+08:00 ] 127.0.0.1 /cxxs/index.php/Index/checkID
INFO: [ app_begin ] --START--
INFO: ReadHtmlCache Behavior ::run [ RunTime:0.002211s ]
INFO: [ app_begin ] --END-- [ RunTime:0.002315s ]

[ 2015-11-09T04:10:02+08:00 ] 127.0.0.1 /cxxs/index.php/Index/checkID
INFO: [ app_begin ] --START--
INFO: ReadHtmlCache Behavior ::run [ RunTime:0.002219s ]
INFO: [ app_begin ] --END-- [ RunTime:0.002363s ]

[ 2015-11-09T04:10:16+08:00 ] 127.0.0.1 /cxxs/index.php/Index/checkID
INFO: [ app_begin ] --START--
INFO: ReadHtmlCache Behavior ::run [ RunTime:0.002295s ]
INFO: [ app_begin ] --END-- [ RunTime:0.002426s ]

[ 2015-11-09T04:10:25+08:00 ] 127.0.0.1 /cxxs/index.php/Index/checkID
INFO: [ app_begin ] --START--
INFO: ReadHtmlCache Behavior ::run [ RunTime:0.003525s ]
INFO: [ app_begin ] --END-- [ RunTime:0.003747s ]
NOTIC: [8] Undefined index: cxxs G:\upupw_new\htdocs\cxxs\cxxs\Lib\Action\IndexAction.class.php 第 15 行.
NOTIC: [8] Undefined index: HTTP_CLIENT_IP G:\upupw_new\htdocs\cxxs\cxxs\Lib\Action\IndexAction.class.php 第 18 行.
NOTIC: [8] Undefined index: HTTP_X_FORWARDED_FOR G:\upupw_new\htdocs\cxxs\cxxs\Lib\Action\IndexAction.class.php 第 20 行.
SQL: SHOW COLUMNS FROM `xk_ip` [ RunTime:0.003380s ]
SQL: SELECT `ID` FROM `xk_ip`  [ RunTime:0.000305s ]
NOTIC: [2] Invalid argument supplied for foreach() G:\upupw_new\htdocs\cxxs\cxxs\Lib\Action\IndexAction.class.php 第 28 行.
SQL: INSERT INTO `xk_ip` (`ID`,`createtime`,`object`) VALUES ('127.0.0.1',1447013425,1) [ RunTime:0.000258s ]
SQL: SHOW COLUMNS FROM `xk_data` [ RunTime:0.003135s ]
SQL: SELECT * FROM `xk_data` WHERE ( `uid` = 0 ) LIMIT 1   [ RunTime:0.000369s ]
SQL: UPDATE `xk_data` SET `poll`=10027,`lasttime`=1447013425 WHERE ( `uid` = 0 ) [ RunTime:0.000362s ]

[ 2015-11-09T04:12:03+08:00 ] 127.0.0.1 /cxxs/index.php/Index/checkID
INFO: [ app_begin ] --START--
INFO: ReadHtmlCache Behavior ::run [ RunTime:0.002144s ]
INFO: [ app_begin ] --END-- [ RunTime:0.002246s ]

[ 2015-11-09T04:18:24+08:00 ] 127.0.0.1 /cxxs/index.php/Index/checkID
INFO: [ app_begin ] --START--
INFO: ReadHtmlCache Behavior ::run [ RunTime:0.002511s ]
INFO: [ app_begin ] --END-- [ RunTime:0.002640s ]

[ 2015-11-09T04:19:05+08:00 ] 127.0.0.1 /cxxs/index.php/Index/checkID
INFO: [ app_begin ] --START--
INFO: ReadHtmlCache Behavior ::run [ RunTime:0.002402s ]
INFO: [ app_begin ] --END-- [ RunTime:0.002520s ]

[ 2015-11-09T04:19:08+08:00 ] 127.0.0.1 /cxxs/index.php/Index/checkID
INFO: [ app_begin ] --START--
INFO: ReadHtmlCache Behavior ::run [ RunTime:0.002369s ]
INFO: [ app_begin ] --END-- [ RunTime:0.002493s ]

[ 2015-11-09T04:19:13+08:00 ] 127.0.0.1 /cxxs/index.php/Index/checkID
INFO: [ app_begin ] --START--
INFO: ReadHtmlCache Behavior ::run [ RunTime:0.002516s ]
INFO: [ app_begin ] --END-- [ RunTime:0.002628s ]

[ 2015-11-09T04:19:37+08:00 ] 127.0.0.1 /cxxs/index.php/Index/checkID
INFO: [ app_begin ] --START--
INFO: ReadHtmlCache Behavior ::run [ RunTime:0.002332s ]
INFO: [ app_begin ] --END-- [ RunTime:0.002453s ]

[ 2015-11-09T04:19:46+08:00 ] 127.0.0.1 /cxxs/index.php/Index/checkID
INFO: [ app_begin ] --START--
INFO: ReadHtmlCache Behavior ::run [ RunTime:0.002286s ]
INFO: [ app_begin ] --END-- [ RunTime:0.002401s ]
NOTIC: [8] Undefined index: cxxs G:\upupw_new\htdocs\cxxs\cxxs\Lib\Action\IndexAction.class.php 第 15 行.
NOTIC: [8] Undefined index: HTTP_CLIENT_IP G:\upupw_new\htdocs\cxxs\cxxs\Lib\Action\IndexAction.class.php 第 18 行.
NOTIC: [8] Undefined index: HTTP_X_FORWARDED_FOR G:\upupw_new\htdocs\cxxs\cxxs\Lib\Action\IndexAction.class.php 第 20 行.
SQL: SHOW COLUMNS FROM `xk_ip` [ RunTime:0.002675s ]
SQL: SELECT `ID` FROM `xk_ip`  [ RunTime:0.000332s ]

[ 2015-11-09T04:19:58+08:00 ] 127.0.0.1 /cxxs/index.php/Index/checkID
INFO: [ app_begin ] --START--
INFO: ReadHtmlCache Behavior ::run [ RunTime:0.002976s ]
INFO: [ app_begin ] --END-- [ RunTime:0.003134s ]
NOTIC: [8] Undefined index: cxxs G:\upupw_new\htdocs\cxxs\cxxs\Lib\Action\IndexAction.class.php 第 15 行.
NOTIC: [8] Undefined index: HTTP_CLIENT_IP G:\upupw_new\htdocs\cxxs\cxxs\Lib\Action\IndexAction.class.php 第 18 行.
NOTIC: [8] Undefined index: HTTP_X_FORWARDED_FOR G:\upupw_new\htdocs\cxxs\cxxs\Lib\Action\IndexAction.class.php 第 20 行.
SQL: SHOW COLUMNS FROM `xk_ip` [ RunTime:0.002870s ]
SQL: SELECT `ID` FROM `xk_ip`  [ RunTime:0.000269s ]
NOTIC: [2] Invalid argument supplied for foreach() G:\upupw_new\htdocs\cxxs\cxxs\Lib\Action\IndexAction.class.php 第 28 行.
SQL: INSERT INTO `xk_ip` (`ID`,`createtime`,`object`) VALUES ('127.0.0.1',1447013998,1) [ RunTime:0.000237s ]
SQL: SHOW COLUMNS FROM `xk_data` [ RunTime:0.002662s ]
SQL: SELECT * FROM `xk_data` WHERE ( `uid` = 0 ) LIMIT 1   [ RunTime:0.000315s ]
SQL: UPDATE `xk_data` SET `poll`=10028,`lasttime`=1447013998 WHERE ( `uid` = 0 ) [ RunTime:0.000263s ]

[ 2015-11-09T04:20:28+08:00 ] 127.0.0.1 /cxxs/index.php/Index/checkID
INFO: [ app_begin ] --START--
INFO: ReadHtmlCache Behavior ::run [ RunTime:0.002092s ]
INFO: [ app_begin ] --END-- [ RunTime:0.002196s ]

[ 2015-11-09T04:20:42+08:00 ] 127.0.0.1 /cxxs/index.php/Index/checkID
INFO: [ app_begin ] --START--
INFO: ReadHtmlCache Behavior ::run [ RunTime:0.003703s ]
INFO: [ app_begin ] --END-- [ RunTime:0.003888s ]
NOTIC: [8] Undefined index: cxxs G:\upupw_new\htdocs\cxxs\cxxs\Lib\Action\IndexAction.class.php 第 15 行.
NOTIC: [8] Undefined index: HTTP_CLIENT_IP G:\upupw_new\htdocs\cxxs\cxxs\Lib\Action\IndexAction.class.php 第 18 行.
NOTIC: [8] Undefined index: HTTP_X_FORWARDED_FOR G:\upupw_new\htdocs\cxxs\cxxs\Lib\Action\IndexAction.class.php 第 20 行.
SQL: SHOW COLUMNS FROM `xk_ip` [ RunTime:0.003641s ]
SQL: SELECT `ID` FROM `xk_ip`  [ RunTime:0.000325s ]
NOTIC: [2] Invalid argument supplied for foreach() G:\upupw_new\htdocs\cxxs\cxxs\Lib\Action\IndexAction.class.php 第 28 行.
SQL: INSERT INTO `xk_ip` (`ID`,`createtime`,`object`) VALUES ('127.0.0.1',1447014042,1) [ RunTime:0.000261s ]
SQL: SHOW COLUMNS FROM `xk_data` [ RunTime:0.002802s ]
SQL: SELECT * FROM `xk_data` WHERE ( `uid` = 0 ) LIMIT 1   [ RunTime:0.000411s ]
SQL: UPDATE `xk_data` SET `poll`=10029,`lasttime`=1447014042 WHERE ( `uid` = 0 ) [ RunTime:0.000260s ]

[ 2015-11-09T04:26:14+08:00 ] 127.0.0.1 /cxxs/index.php/Index/checkID
INFO: [ app_begin ] --START--
INFO: ReadHtmlCache Behavior ::run [ RunTime:0.002545s ]
INFO: [ app_begin ] --END-- [ RunTime:0.002674s ]

[ 2015-11-09T04:28:42+08:00 ] 127.0.0.1 /cxxs/index.php/Index/checkID
INFO: [ app_begin ] --START--
INFO: ReadHtmlCache Behavior ::run [ RunTime:0.002441s ]
INFO: [ app_begin ] --END-- [ RunTime:0.002552s ]

[ 2015-11-09T04:29:02+08:00 ] 127.0.0.1 /cxxs/index.php/Index/checkID
INFO: [ app_begin ] --START--
INFO: ReadHtmlCache Behavior ::run [ RunTime:0.002572s ]
INFO: [ app_begin ] --END-- [ RunTime:0.002696s ]

[ 2015-11-09T04:29:07+08:00 ] 127.0.0.1 /cxxs/index.php/Index/checkID
INFO: [ app_begin ] --START--
INFO: ReadHtmlCache Behavior ::run [ RunTime:0.002262s ]
INFO: [ app_begin ] --END-- [ RunTime:0.002408s ]

[ 2015-11-09T04:29:13+08:00 ] 127.0.0.1 /cxxs/index.php/Index/checkID
INFO: [ app_begin ] --START--
INFO: ReadHtmlCache Behavior ::run [ RunTime:0.002329s ]
INFO: [ app_begin ] --END-- [ RunTime:0.002445s ]

[ 2015-11-09T04:31:06+08:00 ] 127.0.0.1 /cxxs/index.php/Index/checkID
INFO: [ app_begin ] --START--
INFO: ReadHtmlCache Behavior ::run [ RunTime:0.002338s ]
INFO: [ app_begin ] --END-- [ RunTime:0.002462s ]

[ 2015-11-09T04:31:28+08:00 ] 127.0.0.1 /cxxs/index.php/Index/checkID
INFO: [ app_begin ] --START--
INFO: ReadHtmlCache Behavior ::run [ RunTime:0.002263s ]
INFO: [ app_begin ] --END-- [ RunTime:0.002375s ]

[ 2015-11-09T04:32:45+08:00 ] 127.0.0.1 /cxxs/index.php/Index/checkID
INFO: [ app_begin ] --START--
INFO: ReadHtmlCache Behavior ::run [ RunTime:0.002278s ]
INFO: [ app_begin ] --END-- [ RunTime:0.002385s ]

[ 2015-11-09T04:33:50+08:00 ] 127.0.0.1 /cxxs/index.php/Index/checkID
INFO: [ app_begin ] --START--
INFO: ReadHtmlCache Behavior ::run [ RunTime:0.003244s ]
INFO: [ app_begin ] --END-- [ RunTime:0.003638s ]

[ 2015-11-09T04:34:51+08:00 ] 127.0.0.1 /cxxs/index.php/Index/checkID
INFO: [ app_begin ] --START--
INFO: ReadHtmlCache Behavior ::run [ RunTime:0.002981s ]
INFO: [ app_begin ] --END-- [ RunTime:0.003133s ]

[ 2015-11-09T04:35:51+08:00 ] 127.0.0.1 /cxxs/index.php/Index/checkID
INFO: [ app_begin ] --START--
INFO: ReadHtmlCache Behavior ::run [ RunTime:0.004571s ]
INFO: [ app_begin ] --END-- [ RunTime:0.005021s ]

[ 2015-11-09T04:36:10+08:00 ] 127.0.0.1 /cxxs/index.php/Index/checkID
INFO: [ app_begin ] --START--
INFO: ReadHtmlCache Behavior ::run [ RunTime:0.003555s ]
INFO: [ app_begin ] --END-- [ RunTime:0.003738s ]

[ 2015-11-09T04:37:22+08:00 ] 127.0.0.1 /cxxs/index.php/Index/checkID
INFO: [ app_begin ] --START--
INFO: ReadHtmlCache Behavior ::run [ RunTime:0.002350s ]
INFO: [ app_begin ] --END-- [ RunTime:0.002458s ]

[ 2015-11-09T04:38:30+08:00 ] 127.0.0.1 /cxxs/index.php/Index/checkID
INFO: [ app_begin ] --START--
INFO: ReadHtmlCache Behavior ::run [ RunTime:0.002514s ]
INFO: [ app_begin ] --END-- [ RunTime:0.002663s ]

[ 2015-11-09T04:40:46+08:00 ] 127.0.0.1 /cxxs/index.php/Index/checkID
INFO: [ app_begin ] --START--
INFO: ReadHtmlCache Behavior ::run [ RunTime:0.002468s ]
INFO: [ app_begin ] --END-- [ RunTime:0.002574s ]

[ 2015-11-09T04:40:53+08:00 ] 127.0.0.1 /cxxs/index.php/Index/checkID
INFO: [ app_begin ] --START--
INFO: ReadHtmlCache Behavior ::run [ RunTime:0.002447s ]
INFO: [ app_begin ] --END-- [ RunTime:0.002581s ]

[ 2015-11-09T04:43:47+08:00 ] 127.0.0.1 /cxxs/index.php/Index/checkID
INFO: [ app_begin ] --START--
INFO: ReadHtmlCache Behavior ::run [ RunTime:0.002693s ]
INFO: [ app_begin ] --END-- [ RunTime:0.002814s ]

[ 2015-11-09T04:46:02+08:00 ] 127.0.0.1 /cxxs/index.php/Index/checkID
INFO: [ app_begin ] --START--
INFO: ReadHtmlCache Behavior ::run [ RunTime:0.002574s ]
INFO: [ app_begin ] --END-- [ RunTime:0.002721s ]

[ 2015-11-09T04:46:56+08:00 ] 127.0.0.1 /cxxs/index.php/Index/checkID
INFO: [ app_begin ] --START--
INFO: ReadHtmlCache Behavior ::run [ RunTime:0.002192s ]
INFO: [ app_begin ] --END-- [ RunTime:0.002296s ]

[ 2015-11-09T04:49:59+08:00 ] 127.0.0.1 /cxxs/index.php/Index/checkID
INFO: [ app_begin ] --START--
INFO: ReadHtmlCache Behavior ::run [ RunTime:0.002488s ]
INFO: [ app_begin ] --END-- [ RunTime:0.002601s ]

[ 2015-11-09T04:50:18+08:00 ] 127.0.0.1 /cxxs/index.php/Index/checkID
INFO: [ app_begin ] --START--
INFO: ReadHtmlCache Behavior ::run [ RunTime:0.002372s ]
INFO: [ app_begin ] --END-- [ RunTime:0.002483s ]

[ 2015-11-09T04:54:01+08:00 ] 127.0.0.1 /cxxs/index.php/Index/checkID
INFO: [ app_begin ] --START--
INFO: ReadHtmlCache Behavior ::run [ RunTime:0.002371s ]
INFO: [ app_begin ] --END-- [ RunTime:0.002498s ]

[ 2015-11-09T04:57:15+08:00 ] 127.0.0.1 /cxxs/index.php/Index/checkID
INFO: [ app_begin ] --START--
INFO: ReadHtmlCache Behavior ::run [ RunTime:0.002415s ]
INFO: [ app_begin ] --END-- [ RunTime:0.002539s ]

[ 2015-11-09T04:57:28+08:00 ] 127.0.0.1 /cxxs/index.php/Index/checkID
INFO: [ app_begin ] --START--
INFO: ReadHtmlCache Behavior ::run [ RunTime:0.002327s ]
INFO: [ app_begin ] --END-- [ RunTime:0.002449s ]

[ 2015-11-09T05:00:47+08:00 ] 127.0.0.1 /cxxs/index.php/Index/checkID
INFO: [ app_begin ] --START--
INFO: ReadHtmlCache Behavior ::run [ RunTime:0.003046s ]
INFO: [ app_begin ] --END-- [ RunTime:0.003183s ]

[ 2015-11-09T05:03:46+08:00 ] 127.0.0.1 /cxxs/index.php/Index/checkID
INFO: [ app_begin ] --START--
INFO: ReadHtmlCache Behavior ::run [ RunTime:0.005143s ]
INFO: [ app_begin ] --END-- [ RunTime:0.005359s ]

[ 2015-11-09T05:03:57+08:00 ] 127.0.0.1 /cxxs/index.php/Index/checkID
INFO: [ app_begin ] --START--
INFO: ReadHtmlCache Behavior ::run [ RunTime:0.002269s ]
INFO: [ app_begin ] --END-- [ RunTime:0.002381s ]

[ 2015-11-09T05:04:46+08:00 ] 127.0.0.1 /cxxs/index.php/Index/checkID
INFO: [ app_begin ] --START--
INFO: ReadHtmlCache Behavior ::run [ RunTime:0.002517s ]
INFO: [ app_begin ] --END-- [ RunTime:0.002647s ]

