[ 2016-10-26T22:08:21+08:00 ] 0.0.0.0 /new_cxxs/
INFO: [ app_begin ] --START--
INFO: ReadHtmlCache Behavior ::run [ RunTime:0.001154s ]
INFO: [ app_begin ] --END-- [ RunTime:0.001274s ]
SQL: SHOW COLUMNS FROM `xk_data` [ RunTime:0.003071s ]
SQL: SELECT * FROM `xk_data`  [ RunTime:0.000432s ]
NOTIC: [8] Use of undefined constant singerpoll - assumed 'singerpoll' D:\myenv\UPUPW_AP5.4\htdocs\new_cxxs\cxxs\Lib\Action\IndexAction.class.php 第 8 行.
NOTIC: [8] Use of undefined constant singerpoll - assumed 'singerpoll' D:\myenv\UPUPW_AP5.4\htdocs\new_cxxs\cxxs\Lib\Action\IndexAction.class.php 第 8 行.
NOTIC: [8] Use of undefined constant singerpoll - assumed 'singerpoll' D:\myenv\UPUPW_AP5.4\htdocs\new_cxxs\cxxs\Lib\Action\IndexAction.class.php 第 8 行.
NOTIC: [8] Use of undefined constant singerpoll - assumed 'singerpoll' D:\myenv\UPUPW_AP5.4\htdocs\new_cxxs\cxxs\Lib\Action\IndexAction.class.php 第 8 行.
NOTIC: [8] Use of undefined constant singerpoll - assumed 'singerpoll' D:\myenv\UPUPW_AP5.4\htdocs\new_cxxs\cxxs\Lib\Action\IndexAction.class.php 第 8 行.
NOTIC: [8] Use of undefined constant singerpoll - assumed 'singerpoll' D:\myenv\UPUPW_AP5.4\htdocs\new_cxxs\cxxs\Lib\Action\IndexAction.class.php 第 8 行.
NOTIC: [8] Use of undefined constant singerpoll - assumed 'singerpoll' D:\myenv\UPUPW_AP5.4\htdocs\new_cxxs\cxxs\Lib\Action\IndexAction.class.php 第 8 行.
NOTIC: [8] Use of undefined constant singerpoll - assumed 'singerpoll' D:\myenv\UPUPW_AP5.4\htdocs\new_cxxs\cxxs\Lib\Action\IndexAction.class.php 第 8 行.
NOTIC: [8] Use of undefined constant singerpoll - assumed 'singerpoll' D:\myenv\UPUPW_AP5.4\htdocs\new_cxxs\cxxs\Lib\Action\IndexAction.class.php 第 8 行.
NOTIC: [8] Use of undefined constant singerpoll - assumed 'singerpoll' D:\myenv\UPUPW_AP5.4\htdocs\new_cxxs\cxxs\Lib\Action\IndexAction.class.php 第 8 行.
INFO: [ view_parse ] --START--
INFO: ParseTemplate Behavior ::run [ RunTime:0.013281s ]
INFO: [ view_parse ] --END-- [ RunTime:0.013390s ]
INFO: [ view_filter ] --START--
INFO: ContentReplace Behavior ::run [ RunTime:0.000767s ]
INFO: TokenBuild Behavior ::run [ RunTime:0.000660s ]
INFO: WriteHtmlCache Behavior ::run [ RunTime:0.000507s ]
INFO: ShowRuntime Behavior ::run [ RunTime:0.000769s ]
INFO: [ view_filter ] --END-- [ RunTime:0.002910s ]
INFO: [ view_end ] --START--
INFO: ShowPageTrace Behavior ::run [ RunTime:0.000956s ]
INFO: [ view_end ] --END-- [ RunTime:0.001027s ]

[ 2016-10-26T22:09:16+08:00 ] 0.0.0.0 /new_cxxs/
INFO: [ app_begin ] --START--
INFO: ReadHtmlCache Behavior ::run [ RunTime:0.001811s ]
INFO: [ app_begin ] --END-- [ RunTime:0.001992s ]
SQL: SHOW COLUMNS FROM `xk_data` [ RunTime:0.006314s ]
SQL: SELECT * FROM `xk_data`  [ RunTime:0.000664s ]
NOTIC: [8] Use of undefined constant singerpoll - assumed 'singerpoll' D:\myenv\UPUPW_AP5.4\htdocs\new_cxxs\cxxs\Lib\Action\IndexAction.class.php 第 8 行.
NOTIC: [8] Use of undefined constant singerpoll - assumed 'singerpoll' D:\myenv\UPUPW_AP5.4\htdocs\new_cxxs\cxxs\Lib\Action\IndexAction.class.php 第 8 行.
NOTIC: [8] Use of undefined constant singerpoll - assumed 'singerpoll' D:\myenv\UPUPW_AP5.4\htdocs\new_cxxs\cxxs\Lib\Action\IndexAction.class.php 第 8 行.
NOTIC: [8] Use of undefined constant singerpoll - assumed 'singerpoll' D:\myenv\UPUPW_AP5.4\htdocs\new_cxxs\cxxs\Lib\Action\IndexAction.class.php 第 8 行.
NOTIC: [8] Use of undefined constant singerpoll - assumed 'singerpoll' D:\myenv\UPUPW_AP5.4\htdocs\new_cxxs\cxxs\Lib\Action\IndexAction.class.php 第 8 行.
NOTIC: [8] Use of undefined constant singerpoll - assumed 'singerpoll' D:\myenv\UPUPW_AP5.4\htdocs\new_cxxs\cxxs\Lib\Action\IndexAction.class.php 第 8 行.
NOTIC: [8] Use of undefined constant singerpoll - assumed 'singerpoll' D:\myenv\UPUPW_AP5.4\htdocs\new_cxxs\cxxs\Lib\Action\IndexAction.class.php 第 8 行.
NOTIC: [8] Use of undefined constant singerpoll - assumed 'singerpoll' D:\myenv\UPUPW_AP5.4\htdocs\new_cxxs\cxxs\Lib\Action\IndexAction.class.php 第 8 行.
NOTIC: [8] Use of undefined constant singerpoll - assumed 'singerpoll' D:\myenv\UPUPW_AP5.4\htdocs\new_cxxs\cxxs\Lib\Action\IndexAction.class.php 第 8 行.
NOTIC: [8] Use of undefined constant singerpoll - assumed 'singerpoll' D:\myenv\UPUPW_AP5.4\htdocs\new_cxxs\cxxs\Lib\Action\IndexAction.class.php 第 8 行.
INFO: [ view_parse ] --START--
INFO: ParseTemplate Behavior ::run [ RunTime:0.022644s ]
INFO: [ view_parse ] --END-- [ RunTime:0.022807s ]
INFO: [ view_filter ] --START--
INFO: ContentReplace Behavior ::run [ RunTime:0.001253s ]
INFO: TokenBuild Behavior ::run [ RunTime:0.001125s ]
INFO: WriteHtmlCache Behavior ::run [ RunTime:0.000888s ]
INFO: ShowRuntime Behavior ::run [ RunTime:0.001298s ]
INFO: [ view_filter ] --END-- [ RunTime:0.004923s ]
INFO: [ view_end ] --START--
INFO: ShowPageTrace Behavior ::run [ RunTime:0.001690s ]
INFO: [ view_end ] --END-- [ RunTime:0.001824s ]

[ 2016-10-26T22:10:02+08:00 ] 0.0.0.0 /new_cxxs/
INFO: [ app_begin ] --START--
INFO: ReadHtmlCache Behavior ::run [ RunTime:0.002231s ]
INFO: [ app_begin ] --END-- [ RunTime:0.002411s ]
SQL: SHOW COLUMNS FROM `xk_data` [ RunTime:0.006659s ]
SQL: SELECT * FROM `xk_data`  [ RunTime:0.000704s ]
NOTIC: [8] Use of undefined constant singerpoll - assumed 'singerpoll' D:\myenv\UPUPW_AP5.4\htdocs\new_cxxs\cxxs\Lib\Action\IndexAction.class.php 第 8 行.
NOTIC: [8] Use of undefined constant singerpoll - assumed 'singerpoll' D:\myenv\UPUPW_AP5.4\htdocs\new_cxxs\cxxs\Lib\Action\IndexAction.class.php 第 8 行.
NOTIC: [8] Use of undefined constant singerpoll - assumed 'singerpoll' D:\myenv\UPUPW_AP5.4\htdocs\new_cxxs\cxxs\Lib\Action\IndexAction.class.php 第 8 行.
NOTIC: [8] Use of undefined constant singerpoll - assumed 'singerpoll' D:\myenv\UPUPW_AP5.4\htdocs\new_cxxs\cxxs\Lib\Action\IndexAction.class.php 第 8 行.
NOTIC: [8] Use of undefined constant singerpoll - assumed 'singerpoll' D:\myenv\UPUPW_AP5.4\htdocs\new_cxxs\cxxs\Lib\Action\IndexAction.class.php 第 8 行.
NOTIC: [8] Use of undefined constant singerpoll - assumed 'singerpoll' D:\myenv\UPUPW_AP5.4\htdocs\new_cxxs\cxxs\Lib\Action\IndexAction.class.php 第 8 行.
NOTIC: [8] Use of undefined constant singerpoll - assumed 'singerpoll' D:\myenv\UPUPW_AP5.4\htdocs\new_cxxs\cxxs\Lib\Action\IndexAction.class.php 第 8 行.
NOTIC: [8] Use of undefined constant singerpoll - assumed 'singerpoll' D:\myenv\UPUPW_AP5.4\htdocs\new_cxxs\cxxs\Lib\Action\IndexAction.class.php 第 8 行.
NOTIC: [8] Use of undefined constant singerpoll - assumed 'singerpoll' D:\myenv\UPUPW_AP5.4\htdocs\new_cxxs\cxxs\Lib\Action\IndexAction.class.php 第 8 行.
NOTIC: [8] Use of undefined constant singerpoll - assumed 'singerpoll' D:\myenv\UPUPW_AP5.4\htdocs\new_cxxs\cxxs\Lib\Action\IndexAction.class.php 第 8 行.
INFO: [ view_parse ] --START--
INFO: ParseTemplate Behavior ::run [ RunTime:0.026727s ]
INFO: [ view_parse ] --END-- [ RunTime:0.026897s ]
INFO: [ view_filter ] --START--
INFO: ContentReplace Behavior ::run [ RunTime:0.001856s ]
INFO: TokenBuild Behavior ::run [ RunTime:0.001541s ]
INFO: WriteHtmlCache Behavior ::run [ RunTime:0.001272s ]
INFO: ShowRuntime Behavior ::run [ RunTime:0.001886s ]
INFO: [ view_filter ] --END-- [ RunTime:0.006932s ]
INFO: [ view_end ] --START--
INFO: ShowPageTrace Behavior ::run [ RunTime:0.002095s ]
INFO: [ view_end ] --END-- [ RunTime:0.002225s ]

